<?xml version="1.0" encoding="UTF-8"?>
<!-- Generated by org.testng.reporters.JUnitReportReporter -->
<testsuite hostname="ZAKEER" failures="0" tests="2" name="projectmaven.TestNG.testng_practice" time="45.885" errors="0" timestamp="2025-02-06T12:52:18 IST" skipped="0">
  <testcase classname="projectmaven.TestNG.testng_practice" name="jpetstore" time="34.806"/>
  <testcase classname="projectmaven.TestNG.testng_practice" name="coffee_cart" time="11.079"/>
</testsuite> <!-- projectmaven.TestNG.testng_practice -->
