<?xml version="1.0" encoding="UTF-8"?>
<!-- Generated by org.testng.reporters.JUnitReportReporter -->
<testsuite hostname="ZAKEER" failures="0" tests="1" name="projectmaven.TestNG.frames_explicits" time="9.906" errors="0" timestamp="2025-02-05T12:44:42 IST" skipped="0">
  <testcase classname="projectmaven.TestNG.frames_explicits" name="frame_1" time="9.906"/>
</testsuite> <!-- projectmaven.TestNG.frames_explicits -->
