<?xml version="1.0" encoding="UTF-8"?>
<!-- Generated by org.testng.reporters.JUnitReportReporter -->
<testsuite hostname="ZAKEER" failures="0" tests="1" name="projectmaven.TestNG.testcase_Dmart" time="9.946" errors="0" timestamp="2025-01-16T12:53:23 IST" skipped="0">
  <testcase classname="projectmaven.TestNG.testcase_Dmart" name="pagetitle" time="9.946"/>
</testsuite> <!-- projectmaven.TestNG.testcase_Dmart -->
