<?xml version="1.0" encoding="UTF-8"?>
<!-- Generated by org.testng.reporters.JUnitReportReporter -->
<testsuite hostname="ZAKEER" failures="0" tests="1" name="projectmaven.TestNG.this_super" time="7.248" errors="0" timestamp="2025-03-07T12:26:45 IST" skipped="0">
  <testcase classname="projectmaven.TestNG.this_super" name="test" time="7.248"/>
</testsuite> <!-- projectmaven.TestNG.this_super -->
