<?xml version="1.0" encoding="UTF-8"?>
<!-- Generated by org.testng.reporters.JUnitReportReporter -->
<testsuite hostname="ZAKEER" failures="0" tests="2" name="projectmaven.TestNG.mouse_draganddrop" time="8.620" errors="0" timestamp="2025-02-11T11:39:56 IST" skipped="0">
  <testcase classname="projectmaven.TestNG.mouse_draganddrop" name="mouse_revertactions" time="4.854"/>
  <testcase classname="projectmaven.TestNG.mouse_draganddrop" name="mouse_actions" time="3.766"/>
</testsuite> <!-- projectmaven.TestNG.mouse_draganddrop -->
