<?xml version="1.0" encoding="UTF-8"?>
<!-- Generated by org.testng.reporters.JUnitReportReporter -->
<testsuite hostname="ZAKEER" failures="0" tests="2" name="projectmaven.TestNG.annotations" time="0.018" errors="0" timestamp="2025-01-17T16:35:39 IST" skipped="0">
  <testcase classname="projectmaven.TestNG.annotations" name="test3" time="0.006"/>
  <testcase classname="projectmaven.TestNG.annotations" name="test1" time="0.012"/>
</testsuite> <!-- projectmaven.TestNG.annotations -->
