<?xml version="1.0" encoding="UTF-8"?>
<!-- Generated by org.testng.reporters.JUnitReportReporter -->
<testsuite hostname="ZAKEER" failures="0" tests="2" name="projectmaven.TestNG.annotationsexample2" time="0.014" errors="0" timestamp="2025-01-16T11:16:08 IST" skipped="0">
  <testcase classname="projectmaven.TestNG.annotationsexample2" name="testCase2" time="0.008"/>
  <testcase classname="projectmaven.TestNG.annotationsexample2" name="testCase1" time="0.006"/>
</testsuite> <!-- projectmaven.TestNG.annotationsexample2 -->
