<?xml version="1.0" encoding="UTF-8"?>
<!-- Generated by org.testng.reporters.JUnitReportReporter -->
<testsuite hostname="ZAKEER" failures="0" tests="1" name="sprint_releases.sprint_shoppinghomepage" time="18.335" errors="0" timestamp="2025-02-03T13:18:02 IST" skipped="0">
  <testcase classname="sprint_releases.sprint_shoppinghomepage" name="TC01_verifyhomepage" time="18.335"/>
</testsuite> <!-- sprint_releases.sprint_shoppinghomepage -->
