<?xml version="1.0" encoding="UTF-8"?>
<!-- Generated by org.testng.reporters.JUnitReportReporter -->
<testsuite hostname="ZAKEER" failures="0" tests="1" name="projectmaven.TestNG.workingwith_cssSelector" time="9.089" errors="0" timestamp="2025-03-07T12:33:34 IST" skipped="0">
  <testcase classname="projectmaven.TestNG.workingwith_cssSelector" name="tc_01" time="9.089"/>
</testsuite> <!-- projectmaven.TestNG.workingwith_cssSelector -->
