<?xml version="1.0" encoding="UTF-8"?>
<!-- Generated by org.testng.reporters.JUnitReportReporter -->
<testsuite hostname="ZAKEER" failures="0" tests="1" name="projectmaven.TestNG.browser_windowhandling" time="4.549" errors="0" timestamp="2025-03-03T11:25:09 IST" skipped="0">
  <testcase classname="projectmaven.TestNG.browser_windowhandling" name="windowshandling" time="4.549"/>
</testsuite> <!-- projectmaven.TestNG.browser_windowhandling -->
