<?xml version="1.0" encoding="UTF-8"?>
<!-- Generated by org.testng.reporters.JUnitReportReporter -->
<testsuite hostname="ZAKEER" failures="0" tests="1" name="sprint_releases.sprint_coffeecart" time="4.934" errors="0" timestamp="2025-02-13T16:16:30 IST" skipped="0">
  <testcase classname="sprint_releases.sprint_coffeecart" name="TC01_Verifyheader" time="4.934"/>
</testsuite> <!-- sprint_releases.sprint_coffeecart -->
