<?xml version="1.0" encoding="UTF-8"?>
<!-- Generated by org.testng.reporters.JUnitReportReporter -->
<testsuite hostname="ZAKEER" failures="0" tests="1" name="sprint_releases.jpetstore_sprint" time="13.101" errors="0" timestamp="2025-02-03T15:35:25 IST" skipped="0">
  <testcase classname="sprint_releases.jpetstore_sprint" name="verify_loginpage" time="13.101"/>
</testsuite> <!-- sprint_releases.jpetstore_sprint -->
