<?xml version="1.0" encoding="UTF-8"?>
<!-- Generated by org.testng.reporters.JUnitReportReporter -->
<testsuite hostname="ZAKEER" failures="0" tests="1" name="projectmaven.TestNG.extentreports" time="11.606" errors="0" timestamp="2025-03-07T12:18:42 IST" skipped="0">
  <testcase classname="projectmaven.TestNG.extentreports" name="extentreport" time="11.606"/>
</testsuite> <!-- projectmaven.TestNG.extentreports -->
