<?xml version="1.0" encoding="UTF-8"?>
<!-- Generated by org.testng.reporters.JUnitReportReporter -->
<testsuite hostname="ZAKEER" failures="0" tests="3" name="sprint_releases.greenkart_sprint" time="10.853" errors="0" timestamp="2025-02-03T14:28:07 IST" skipped="2">
  <testcase classname="sprint_releases.greenkart_sprint" name="TC01_Verifyhomepage" time="10.853"/>
  <testcase classname="sprint_releases.greenkart_sprint" name="TC03_proceedpage">
    <skipped/>
  </testcase> <!-- TC03_proceedpage -->
  <testcase classname="sprint_releases.greenkart_sprint" name="TC02_verifypagetitle">
    <skipped/>
  </testcase> <!-- TC02_verifypagetitle -->
</testsuite> <!-- sprint_releases.greenkart_sprint -->
