<?xml version="1.0" encoding="UTF-8"?>
<!-- Generated by org.testng.reporters.JUnitReportReporter -->
<testsuite hostname="ZAKEER" failures="0" tests="1" name="projectmaven.TestNG.list_foreachloop" time="32.033" errors="0" timestamp="2025-02-11T13:58:12 IST" skipped="0">
  <testcase classname="projectmaven.TestNG.list_foreachloop" name="list_foreach" time="32.033"/>
</testsuite> <!-- projectmaven.TestNG.list_foreachloop -->
