<?xml version="1.0" encoding="UTF-8"?>
<!-- Generated by org.testng.reporters.JUnitReportReporter -->
<testsuite hostname="ZAKEER" failures="0" tests="1" name="projectmaven.TestNG.window_snippet" time="4.354" errors="0" timestamp="2025-03-13T12:16:03 IST" skipped="0">
  <testcase classname="projectmaven.TestNG.window_snippet" name="window_handling" time="4.354"/>
</testsuite> <!-- projectmaven.TestNG.window_snippet -->
