<?xml version="1.0" encoding="UTF-8"?>
<!-- Generated by org.testng.reporters.JUnitReportReporter -->
<testsuite hostname="ZAKEER" failures="0" tests="1" name="sprint_releases.sprint_demoqa" time="41.056" errors="0" timestamp="2025-02-03T12:29:03 IST" skipped="0">
  <testcase classname="sprint_releases.sprint_demoqa" name="TC01_verifyhomepage" time="41.056"/>
</testsuite> <!-- sprint_releases.sprint_demoqa -->
