<?xml version="1.0" encoding="UTF-8"?>
<!-- Generated by org.testng.reporters.JUnitReportReporter -->
<testsuite hostname="ZAKEER" failures="0" tests="1" name="projectmaven.TestNG.mouseactions" time="6.394" errors="0" timestamp="2025-02-15T09:04:02 IST" skipped="0">
  <testcase classname="projectmaven.TestNG.mouseactions" name="mouse_actions" time="6.394"/>
</testsuite> <!-- projectmaven.TestNG.mouseactions -->
