<?xml version="1.0" encoding="UTF-8"?>
<!-- Generated by org.testng.reporters.JUnitReportReporter -->
<testsuite hostname="ZAKEER" failures="0" tests="1" name="sprint_releases.sprint_dmart" time="4.831" errors="0" timestamp="2025-02-13T16:02:05 IST" skipped="0">
  <testcase classname="sprint_releases.sprint_dmart" name="dmart_signinpage" time="4.831"/>
</testsuite> <!-- sprint_releases.sprint_dmart -->
