<?xml version="1.0" encoding="UTF-8"?>
<!-- Generated by org.testng.reporters.JUnitReportReporter -->
<testsuite hostname="ZAKEER" failures="0" tests="1" name="projectmaven.TestNG.Robot_keyboardoperations" time="44.485" errors="0" timestamp="2025-02-15T15:05:25 IST" skipped="0">
  <testcase classname="projectmaven.TestNG.Robot_keyboardoperations" name="keyboardactions" time="44.485"/>
</testsuite> <!-- projectmaven.TestNG.Robot_keyboardoperations -->
