<?xml version="1.0" encoding="UTF-8"?>
<!-- Generated by org.testng.reporters.JUnitReportReporter -->
<testsuite hostname="ZAKEER" failures="0" tests="1" name="projectmaven.TestNG.scrolling_page" time="7.362" errors="0" timestamp="2025-02-05T12:56:27 IST" skipped="0">
  <testcase classname="projectmaven.TestNG.scrolling_page" name="scrolling_toptobottom" time="7.362"/>
</testsuite> <!-- projectmaven.TestNG.scrolling_page -->
