<?xml version="1.0" encoding="UTF-8"?>
<!-- Generated by org.testng.reporters.JUnitReportReporter -->
<testsuite hostname="ZAKEER" failures="0" tests="1" name="projectmaven.TestNG.workingwithwebtables" time="38.070" errors="0" timestamp="2025-03-03T13:37:09 IST" skipped="0">
  <testcase classname="projectmaven.TestNG.workingwithwebtables" name="webtables" time="38.070"/>
</testsuite> <!-- projectmaven.TestNG.workingwithwebtables -->
