<?xml version="1.0" encoding="UTF-8"?>
<!-- Generated by org.testng.reporters.JUnitReportReporter -->
<testsuite hostname="ZAKEER" failures="0" tests="1" name="projectmaven.TestNG.debugging" time="132.958" errors="0" timestamp="2025-02-10T13:21:59 IST" skipped="0">
  <testcase classname="projectmaven.TestNG.debugging" name="coffee_cart" time="132.958"/>
</testsuite> <!-- projectmaven.TestNG.debugging -->
