<?xml version="1.0" encoding="UTF-8"?>
<!-- Generated by org.testng.reporters.JUnitReportReporter -->
<testsuite hostname="ZAKEER" failures="0" tests="1" name="projectmaven.TestNG.webtables" time="9.578" errors="0" timestamp="2025-02-10T12:23:55 IST" skipped="0">
  <testcase classname="projectmaven.TestNG.webtables" name="Webtables" time="9.578"/>
</testsuite> <!-- projectmaven.TestNG.webtables -->
