<?xml version="1.0" encoding="UTF-8"?>
<!-- Generated by org.testng.reporters.JUnitReportReporter -->
<testsuite hostname="ZAKEER" failures="0" tests="1" name="projectmaven.TestNG.fileclass_properties" time="8.593" errors="0" timestamp="2025-02-24T17:12:20 IST" skipped="0">
  <testcase classname="projectmaven.TestNG.fileclass_properties" name="launch_URL" time="8.593"/>
</testsuite> <!-- projectmaven.TestNG.fileclass_properties -->
