<?xml version="1.0" encoding="UTF-8"?>
<!-- Generated by org.testng.reporters.JUnitReportReporter -->
<testsuite hostname="ZAKEER" failures="0" tests="2" name="projectmaven.TestNG.example5" time="0.033" errors="0" timestamp="2025-01-16T11:16:08 IST" skipped="0">
  <testcase classname="projectmaven.TestNG.example5" name="credentials" time="0.014"/>
  <testcase classname="projectmaven.TestNG.example5" name="addtocart" time="0.019"/>
</testsuite> <!-- projectmaven.TestNG.example5 -->
