<?xml version="1.0" encoding="UTF-8"?>
<!-- Generated by org.testng.reporters.JUnitReportReporter -->
<testsuite hostname="ZAKEER" failures="0" tests="4" name="projectmaven.TestNG.example4" time="0.016" errors="0" timestamp="2025-01-16T10:37:09 IST" skipped="0">
  <testcase classname="projectmaven.TestNG.example4" name="testMethod4" time="0.003"/>
  <testcase classname="projectmaven.TestNG.example4" name="testMethod3" time="0.002"/>
  <testcase classname="projectmaven.TestNG.example4" name="testMethod1" time="0.007"/>
  <testcase classname="projectmaven.TestNG.example4" name="testMethod2" time="0.004"/>
</testsuite> <!-- projectmaven.TestNG.example4 -->
